<?xml version="1.0" encoding="UTF-8"?>
<coverage generated="1550616243218" clover="3.2.0">
  <project timestamp="1550616243218" name="All files">
    <metrics statements="164" coveredstatements="159" conditionals="83" coveredconditionals="77" methods="9" coveredmethods="8" elements="256" coveredelements="244" complexity="0" loc="164" ncloc="164" packages="1" files="3" classes="3">
      <file name="Board.vue" path="/Users/ethan/vue/minesweeper/src/components/Board.vue">
        <metrics statements="155" coveredstatements="150" conditionals="78" coveredconditionals="74" methods="7" coveredmethods="6"/>
        <line num="81" count="2" type="stmt"/>
        <line num="82" count="2" type="stmt"/>
        <line num="83" count="2" type="stmt"/>
        <line num="88" count="42" type="stmt"/>
        <line num="108" count="42" type="stmt"/>
        <line num="113" count="3" type="cond" truecount="2" falsecount="0"/>
        <line num="114" count="2" type="stmt"/>
        <line num="119" count="3" type="cond" truecount="2" falsecount="0"/>
        <line num="120" count="2" type="stmt"/>
        <line num="125" count="1" type="cond" truecount="1" falsecount="1"/>
        <line num="126" count="0" type="stmt"/>
        <line num="134" count="221" type="stmt"/>
        <line num="138" count="46" type="cond" truecount="2" falsecount="0"/>
        <line num="139" count="1" type="stmt"/>
        <line num="142" count="45" type="stmt"/>
        <line num="143" count="45" type="stmt"/>
        <line num="144" count="45" type="stmt"/>
        <line num="147" count="45" type="stmt"/>
        <line num="150" count="45" type="stmt"/>
        <line num="151" count="221" type="stmt"/>
        <line num="152" count="221" type="stmt"/>
        <line num="153" count="871" type="stmt"/>
        <line num="154" count="3467" type="cond" truecount="2" falsecount="0"/>
        <line num="155" count="3027" type="stmt"/>
        <line num="159" count="221" type="stmt"/>
        <line num="163" count="45" type="stmt"/>
        <line num="164" count="175" type="stmt"/>
        <line num="165" count="175" type="stmt"/>
        <line num="166" count="695" type="stmt"/>
        <line num="177" count="45" type="stmt"/>
        <line num="178" count="221" type="stmt"/>
        <line num="179" count="221" type="stmt"/>
        <line num="180" count="221" type="stmt"/>
        <line num="181" count="221" type="stmt"/>
        <line num="182" count="221" type="stmt"/>
        <line num="183" count="221" type="stmt"/>
        <line num="187" count="45" type="stmt"/>
        <line num="188" count="175" type="stmt"/>
        <line num="189" count="695" type="cond" truecount="2" falsecount="0"/>
        <line num="190" count="474" type="stmt"/>
        <line num="194" count="221" type="cond" truecount="2" falsecount="0"/>
        <line num="195" count="167" type="stmt"/>
        <line num="196" count="167" type="stmt"/>
        <line num="197" count="167" type="stmt"/>
        <line num="201" count="221" type="cond" truecount="4" falsecount="0"/>
        <line num="202" count="126" type="stmt"/>
        <line num="203" count="126" type="stmt"/>
        <line num="204" count="126" type="stmt"/>
        <line num="208" count="221" type="cond" truecount="2" falsecount="0"/>
        <line num="209" count="168" type="stmt"/>
        <line num="210" count="168" type="stmt"/>
        <line num="211" count="168" type="stmt"/>
        <line num="215" count="221" type="cond" truecount="4" falsecount="0"/>
        <line num="216" count="131" type="stmt"/>
        <line num="217" count="131" type="stmt"/>
        <line num="218" count="131" type="stmt"/>
        <line num="222" count="221" type="cond" truecount="2" falsecount="0"/>
        <line num="223" count="167" type="stmt"/>
        <line num="224" count="167" type="stmt"/>
        <line num="225" count="167" type="stmt"/>
        <line num="229" count="221" type="cond" truecount="4" falsecount="0"/>
        <line num="230" count="120" type="stmt"/>
        <line num="231" count="120" type="stmt"/>
        <line num="232" count="120" type="stmt"/>
        <line num="236" count="221" type="cond" truecount="2" falsecount="0"/>
        <line num="237" count="161" type="stmt"/>
        <line num="238" count="161" type="stmt"/>
        <line num="239" count="161" type="stmt"/>
        <line num="243" count="221" type="cond" truecount="4" falsecount="0"/>
        <line num="244" count="124" type="stmt"/>
        <line num="245" count="124" type="stmt"/>
        <line num="246" count="124" type="stmt"/>
        <line num="254" count="3" type="cond" truecount="2" falsecount="0"/>
        <line num="255" count="1" type="stmt"/>
        <line num="256" count="1" type="stmt"/>
        <line num="257" count="1" type="stmt"/>
        <line num="258" count="1" type="stmt"/>
        <line num="262" count="2" type="cond" truecount="2" falsecount="0"/>
        <line num="263" count="1" type="stmt"/>
        <line num="264" count="1" type="stmt"/>
        <line num="265" count="1" type="stmt"/>
        <line num="266" count="1" type="stmt"/>
        <line num="269" count="1" type="stmt"/>
        <line num="270" count="1" type="stmt"/>
        <line num="271" count="1" type="stmt"/>
        <line num="272" count="1" type="stmt"/>
        <line num="277" count="7" type="cond" truecount="2" falsecount="0"/>
        <line num="278" count="6" type="stmt"/>
        <line num="281" count="7" type="cond" truecount="2" falsecount="0"/>
        <line num="282" count="3" type="stmt"/>
        <line num="283" count="3" type="stmt"/>
        <line num="287" count="4" type="cond" truecount="1" falsecount="1"/>
        <line num="288" count="0" type="stmt"/>
        <line num="292" count="4" type="stmt"/>
        <line num="293" count="4" type="stmt"/>
        <line num="296" count="4" type="cond" truecount="2" falsecount="0"/>
        <line num="297" count="3" type="stmt"/>
        <line num="298" count="3" type="stmt"/>
        <line num="299" count="3" type="stmt"/>
        <line num="300" count="3" type="stmt"/>
        <line num="301" count="3" type="stmt"/>
        <line num="304" count="1" type="stmt"/>
        <line num="308" count="6" type="stmt"/>
        <line num="309" count="6" type="stmt"/>
        <line num="310" count="6" type="stmt"/>
        <line num="314" count="6" type="stmt"/>
        <line num="315" count="6" type="stmt"/>
        <line num="316" count="0" type="stmt"/>
        <line num="317" count="0" type="stmt"/>
        <line num="322" count="7" type="stmt"/>
        <line num="326" count="2" type="cond" truecount="2" falsecount="0"/>
        <line num="327" count="1" type="stmt"/>
        <line num="329" count="1" type="stmt"/>
        <line num="330" count="1" type="stmt"/>
        <line num="331" count="1" type="stmt"/>
        <line num="332" count="1" type="stmt"/>
        <line num="333" count="1" type="stmt"/>
        <line num="334" count="1" type="stmt"/>
        <line num="338" count="62" type="stmt"/>
        <line num="340" count="62" type="cond" truecount="2" falsecount="0"/>
        <line num="341" count="1" type="stmt"/>
        <line num="344" count="62" type="cond" truecount="2" falsecount="0"/>
        <line num="345" count="1" type="stmt"/>
        <line num="348" count="62" type="cond" truecount="1" falsecount="1"/>
        <line num="349" count="0" type="stmt"/>
        <line num="352" count="62" type="cond" truecount="2" falsecount="0"/>
        <line num="353" count="7" type="stmt"/>
        <line num="356" count="62" type="cond" truecount="2" falsecount="0"/>
        <line num="357" count="3" type="stmt"/>
        <line num="360" count="62" type="cond" truecount="2" falsecount="0"/>
        <line num="361" count="4" type="stmt"/>
        <line num="364" count="62" type="cond" truecount="2" falsecount="0"/>
        <line num="365" count="3" type="stmt"/>
        <line num="368" count="62" type="cond" truecount="2" falsecount="0"/>
        <line num="372" count="8" type="cond" truecount="4" falsecount="0"/>
        <line num="373" count="4" type="stmt"/>
        <line num="374" count="4" type="stmt"/>
        <line num="375" count="4" type="stmt"/>
        <line num="376" count="4" type="stmt"/>
        <line num="378" count="4" type="stmt"/>
        <line num="383" count="5" type="stmt"/>
        <line num="384" count="17" type="stmt"/>
        <line num="385" count="65" type="cond" truecount="4" falsecount="0"/>
        <line num="386" count="1" type="stmt"/>
        <line num="390" count="4" type="stmt"/>
        <line num="394" count="7" type="stmt"/>
        <line num="395" count="25" type="stmt"/>
        <line num="396" count="97" type="cond" truecount="2" falsecount="0"/>
        <line num="397" count="1" type="stmt"/>
        <line num="401" count="6" type="stmt"/>
        <line num="405" count="3" type="stmt"/>
        <line num="406" count="12" type="stmt"/>
        <line num="407" count="48" type="stmt"/>
        <line num="413" count="4" type="stmt"/>
        <line num="417" count="1" type="stmt"/>
      </file>
      <file name="Cell.vue" path="/Users/ethan/vue/minesweeper/src/components/Cell.vue">
        <metrics statements="3" coveredstatements="3" conditionals="5" coveredconditionals="3" methods="0" coveredmethods="0"/>
        <line num="50" count="65" type="cond" truecount="2" falsecount="1"/>
        <line num="56" count="1" type="cond" truecount="1" falsecount="1"/>
        <line num="57" count="1" type="stmt"/>
      </file>
      <file name="HighScores.vue" path="/Users/ethan/vue/minesweeper/src/components/HighScores.vue">
        <metrics statements="6" coveredstatements="6" conditionals="0" coveredconditionals="0" methods="2" coveredmethods="2"/>
        <line num="50" count="8" type="stmt"/>
        <line num="69" count="5" type="stmt"/>
        <line num="70" count="4" type="stmt"/>
        <line num="78" count="2" type="stmt"/>
        <line num="82" count="1" type="stmt"/>
        <line num="83" count="1" type="stmt"/>
      </file>
    </metrics>
  </project>
</coverage>
