{"/Users/ethan/vue/minesweeper/src/components/Board.vue": {"path":"/Users/ethan/vue/minesweeper/src/components/Board.vue","statementMap":{"0":{"start":{"line":81,"column":0},"end":{"line":null,"column":-1}},"1":{"start":{"line":82,"column":0},"end":{"line":null,"column":-1}},"2":{"start":{"line":83,"column":0},"end":{"line":null,"column":-1}},"3":{"start":{"line":88,"column":0},"end":{"line":null,"column":-1}},"4":{"start":{"line":108,"column":0},"end":{"line":null,"column":-1}},"5":{"start":{"line":113,"column":0},"end":{"line":115,"column":0}},"6":{"start":{"line":114,"column":0},"end":{"line":null,"column":-1}},"7":{"start":{"line":119,"column":0},"end":{"line":121,"column":0}},"8":{"start":{"line":120,"column":0},"end":{"line":null,"column":-1}},"9":{"start":{"line":125,"column":0},"end":{"line":127,"column":0}},"10":{"start":{"line":126,"column":0},"end":{"line":null,"column":-1}},"11":{"start":{"line":134,"column":0},"end":{"line":null,"column":-1}},"12":{"start":{"line":138,"column":0},"end":{"line":140,"column":0}},"13":{"start":{"line":139,"column":0},"end":{"line":null,"column":-1}},"14":{"start":{"line":142,"column":0},"end":{"line":null,"column":-1}},"15":{"start":{"line":143,"column":0},"end":{"line":null,"column":-1}},"16":{"start":{"line":144,"column":0},"end":{"line":null,"column":-1}},"17":{"start":{"line":147,"column":0},"end":{"line":null,"column":-1}},"18":{"start":{"line":150,"column":0},"end":{"line":160,"column":0}},"19":{"start":{"line":151,"column":0},"end":{"line":null,"column":-1}},"20":{"start":{"line":152,"column":0},"end":{"line":158,"column":0}},"21":{"start":{"line":153,"column":0},"end":{"line":157,"column":0}},"22":{"start":{"line":154,"column":0},"end":{"line":156,"column":0}},"23":{"start":{"line":155,"column":0},"end":{"line":null,"column":-1}},"24":{"start":{"line":159,"column":0},"end":{"line":null,"column":-1}},"25":{"start":{"line":163,"column":0},"end":{"line":174,"column":0}},"26":{"start":{"line":164,"column":0},"end":{"line":null,"column":-1}},"27":{"start":{"line":165,"column":0},"end":{"line":173,"column":0}},"28":{"start":{"line":166,"column":0},"end":{"line":null,"column":-1}},"29":{"start":{"line":177,"column":0},"end":{"line":184,"column":0}},"30":{"start":{"line":178,"column":0},"end":{"line":null,"column":-1}},"31":{"start":{"line":179,"column":0},"end":{"line":null,"column":-1}},"32":{"start":{"line":180,"column":0},"end":{"line":null,"column":-1}},"33":{"start":{"line":181,"column":0},"end":{"line":null,"column":-1}},"34":{"start":{"line":182,"column":0},"end":{"line":null,"column":-1}},"35":{"start":{"line":183,"column":0},"end":{"line":null,"column":-1}},"36":{"start":{"line":187,"column":0},"end":{"line":249,"column":0}},"37":{"start":{"line":188,"column":0},"end":{"line":248,"column":0}},"38":{"start":{"line":189,"column":0},"end":{"line":191,"column":0}},"39":{"start":{"line":190,"column":0},"end":{"line":null,"column":-1}},"40":{"start":{"line":194,"column":0},"end":{"line":198,"column":0}},"41":{"start":{"line":195,"column":0},"end":{"line":null,"column":-1}},"42":{"start":{"line":196,"column":0},"end":{"line":null,"column":-1}},"43":{"start":{"line":197,"column":0},"end":{"line":null,"column":-1}},"44":{"start":{"line":201,"column":0},"end":{"line":205,"column":0}},"45":{"start":{"line":202,"column":0},"end":{"line":null,"column":-1}},"46":{"start":{"line":203,"column":0},"end":{"line":null,"column":-1}},"47":{"start":{"line":204,"column":0},"end":{"line":null,"column":-1}},"48":{"start":{"line":208,"column":0},"end":{"line":212,"column":0}},"49":{"start":{"line":209,"column":0},"end":{"line":null,"column":-1}},"50":{"start":{"line":210,"column":0},"end":{"line":null,"column":-1}},"51":{"start":{"line":211,"column":0},"end":{"line":null,"column":-1}},"52":{"start":{"line":215,"column":0},"end":{"line":219,"column":0}},"53":{"start":{"line":216,"column":0},"end":{"line":null,"column":-1}},"54":{"start":{"line":217,"column":0},"end":{"line":null,"column":-1}},"55":{"start":{"line":218,"column":0},"end":{"line":null,"column":-1}},"56":{"start":{"line":222,"column":0},"end":{"line":226,"column":0}},"57":{"start":{"line":223,"column":0},"end":{"line":null,"column":-1}},"58":{"start":{"line":224,"column":0},"end":{"line":null,"column":-1}},"59":{"start":{"line":225,"column":0},"end":{"line":null,"column":-1}},"60":{"start":{"line":229,"column":0},"end":{"line":233,"column":0}},"61":{"start":{"line":230,"column":0},"end":{"line":null,"column":-1}},"62":{"start":{"line":231,"column":0},"end":{"line":null,"column":-1}},"63":{"start":{"line":232,"column":0},"end":{"line":null,"column":-1}},"64":{"start":{"line":236,"column":0},"end":{"line":240,"column":0}},"65":{"start":{"line":237,"column":0},"end":{"line":null,"column":-1}},"66":{"start":{"line":238,"column":0},"end":{"line":null,"column":-1}},"67":{"start":{"line":239,"column":0},"end":{"line":null,"column":-1}},"68":{"start":{"line":243,"column":0},"end":{"line":247,"column":0}},"69":{"start":{"line":244,"column":0},"end":{"line":null,"column":-1}},"70":{"start":{"line":245,"column":0},"end":{"line":null,"column":-1}},"71":{"start":{"line":246,"column":0},"end":{"line":null,"column":-1}},"72":{"start":{"line":254,"column":0},"end":{"line":259,"column":0}},"73":{"start":{"line":255,"column":0},"end":{"line":null,"column":-1}},"74":{"start":{"line":256,"column":0},"end":{"line":null,"column":-1}},"75":{"start":{"line":257,"column":0},"end":{"line":null,"column":-1}},"76":{"start":{"line":258,"column":0},"end":{"line":null,"column":-1}},"77":{"start":{"line":262,"column":0},"end":{"line":267,"column":0}},"78":{"start":{"line":263,"column":0},"end":{"line":null,"column":-1}},"79":{"start":{"line":264,"column":0},"end":{"line":null,"column":-1}},"80":{"start":{"line":265,"column":0},"end":{"line":null,"column":-1}},"81":{"start":{"line":266,"column":0},"end":{"line":null,"column":-1}},"82":{"start":{"line":269,"column":0},"end":{"line":null,"column":-1}},"83":{"start":{"line":270,"column":0},"end":{"line":null,"column":-1}},"84":{"start":{"line":271,"column":0},"end":{"line":null,"column":-1}},"85":{"start":{"line":272,"column":0},"end":{"line":null,"column":-1}},"86":{"start":{"line":277,"column":0},"end":{"line":279,"column":0}},"87":{"start":{"line":278,"column":0},"end":{"line":null,"column":-1}},"88":{"start":{"line":281,"column":0},"end":{"line":284,"column":0}},"89":{"start":{"line":282,"column":0},"end":{"line":null,"column":-1}},"90":{"start":{"line":283,"column":0},"end":{"line":null,"column":-1}},"91":{"start":{"line":287,"column":0},"end":{"line":289,"column":0}},"92":{"start":{"line":288,"column":0},"end":{"line":null,"column":-1}},"93":{"start":{"line":292,"column":0},"end":{"line":null,"column":-1}},"94":{"start":{"line":293,"column":0},"end":{"line":null,"column":-1}},"95":{"start":{"line":296,"column":0},"end":{"line":302,"column":0}},"96":{"start":{"line":297,"column":0},"end":{"line":null,"column":-1}},"97":{"start":{"line":298,"column":0},"end":{"line":null,"column":-1}},"98":{"start":{"line":299,"column":0},"end":{"line":null,"column":-1}},"99":{"start":{"line":300,"column":0},"end":{"line":null,"column":-1}},"100":{"start":{"line":301,"column":0},"end":{"line":null,"column":-1}},"101":{"start":{"line":304,"column":0},"end":{"line":null,"column":-1}},"102":{"start":{"line":308,"column":0},"end":{"line":null,"column":-1}},"103":{"start":{"line":309,"column":0},"end":{"line":null,"column":-1}},"104":{"start":{"line":310,"column":0},"end":{"line":null,"column":-1}},"105":{"start":{"line":314,"column":0},"end":{"line":null,"column":-1}},"106":{"start":{"line":315,"column":0},"end":{"line":318,"column":0}},"107":{"start":{"line":316,"column":0},"end":{"line":null,"column":-1}},"108":{"start":{"line":317,"column":0},"end":{"line":null,"column":-1}},"109":{"start":{"line":322,"column":0},"end":{"line":null,"column":-1}},"110":{"start":{"line":326,"column":0},"end":{"line":328,"column":0}},"111":{"start":{"line":327,"column":0},"end":{"line":null,"column":-1}},"112":{"start":{"line":329,"column":0},"end":{"line":null,"column":-1}},"113":{"start":{"line":330,"column":0},"end":{"line":null,"column":-1}},"114":{"start":{"line":331,"column":0},"end":{"line":null,"column":-1}},"115":{"start":{"line":332,"column":0},"end":{"line":null,"column":-1}},"116":{"start":{"line":333,"column":0},"end":{"line":null,"column":-1}},"117":{"start":{"line":334,"column":0},"end":{"line":null,"column":-1}},"118":{"start":{"line":338,"column":0},"end":{"line":null,"column":-1}},"119":{"start":{"line":340,"column":0},"end":{"line":342,"column":0}},"120":{"start":{"line":341,"column":0},"end":{"line":null,"column":-1}},"121":{"start":{"line":344,"column":0},"end":{"line":346,"column":0}},"122":{"start":{"line":345,"column":0},"end":{"line":null,"column":-1}},"123":{"start":{"line":348,"column":0},"end":{"line":350,"column":0}},"124":{"start":{"line":349,"column":0},"end":{"line":null,"column":-1}},"125":{"start":{"line":352,"column":0},"end":{"line":354,"column":0}},"126":{"start":{"line":353,"column":0},"end":{"line":null,"column":-1}},"127":{"start":{"line":356,"column":0},"end":{"line":358,"column":0}},"128":{"start":{"line":357,"column":0},"end":{"line":null,"column":-1}},"129":{"start":{"line":360,"column":0},"end":{"line":362,"column":0}},"130":{"start":{"line":361,"column":0},"end":{"line":null,"column":-1}},"131":{"start":{"line":364,"column":0},"end":{"line":366,"column":0}},"132":{"start":{"line":365,"column":0},"end":{"line":null,"column":-1}},"133":{"start":{"line":368,"column":0},"end":{"line":null,"column":-1}},"134":{"start":{"line":372,"column":0},"end":{"line":379,"column":0}},"135":{"start":{"line":373,"column":0},"end":{"line":null,"column":-1}},"136":{"start":{"line":374,"column":0},"end":{"line":null,"column":-1}},"137":{"start":{"line":375,"column":0},"end":{"line":null,"column":-1}},"138":{"start":{"line":376,"column":0},"end":{"line":null,"column":-1}},"139":{"start":{"line":378,"column":0},"end":{"line":null,"column":-1}},"140":{"start":{"line":383,"column":0},"end":{"line":389,"column":0}},"141":{"start":{"line":384,"column":0},"end":{"line":388,"column":0}},"142":{"start":{"line":385,"column":0},"end":{"line":387,"column":0}},"143":{"start":{"line":386,"column":0},"end":{"line":null,"column":-1}},"144":{"start":{"line":390,"column":0},"end":{"line":null,"column":-1}},"145":{"start":{"line":394,"column":0},"end":{"line":400,"column":0}},"146":{"start":{"line":395,"column":0},"end":{"line":399,"column":0}},"147":{"start":{"line":396,"column":0},"end":{"line":398,"column":0}},"148":{"start":{"line":397,"column":0},"end":{"line":null,"column":-1}},"149":{"start":{"line":401,"column":0},"end":{"line":null,"column":-1}},"150":{"start":{"line":405,"column":0},"end":{"line":409,"column":0}},"151":{"start":{"line":406,"column":0},"end":{"line":408,"column":0}},"152":{"start":{"line":407,"column":0},"end":{"line":null,"column":-1}},"153":{"start":{"line":413,"column":0},"end":{"line":null,"column":-1}},"154":{"start":{"line":417,"column":0},"end":{"line":null,"column":-1}}},"fnMap":{"0":{"name":"(anonymous_1)","decl":{"start":{"line":87,"column":0},"end":{"line":null,"column":-1}},"loc":{"start":{"line":87,"column":0},"end":{"line":105,"column":0}}},"1":{"name":"(anonymous_2)","decl":{"start":{"line":112,"column":0},"end":{"line":null,"column":-1}},"loc":{"start":{"line":112,"column":0},"end":{"line":116,"column":0}}},"2":{"name":"(anonymous_3)","decl":{"start":{"line":118,"column":0},"end":{"line":null,"column":-1}},"loc":{"start":{"line":118,"column":0},"end":{"line":122,"column":0}}},"3":{"name":"(anonymous_4)","decl":{"start":{"line":124,"column":0},"end":{"line":null,"column":-1}},"loc":{"start":{"line":124,"column":0},"end":{"line":128,"column":0}}},"4":{"name":"(anonymous_5)","decl":{"start":{"line":132,"column":0},"end":{"line":null,"column":-1}},"loc":{"start":{"line":132,"column":0},"end":{"line":135,"column":0}}},"5":{"name":"(anonymous_6)","decl":{"start":{"line":150,"column":0},"end":{"line":null,"column":-1}},"loc":{"start":{"line":150,"column":0},"end":{"line":160,"column":0}}},"6":{"name":"(anonymous_7)","decl":{"start":{"line":315,"column":0},"end":{"line":null,"column":-1}},"loc":{"start":{"line":315,"column":0},"end":{"line":318,"column":0}}}},"branchMap":{"0":{"loc":{"start":{"line":113,"column":0},"end":{"line":115,"column":0}},"type":"if","locations":[{"start":{"line":113,"column":0},"end":{"line":115,"column":0}},{"start":{"line":113,"column":0},"end":{"line":115,"column":0}}]},"1":{"loc":{"start":{"line":119,"column":0},"end":{"line":121,"column":0}},"type":"if","locations":[{"start":{"line":119,"column":0},"end":{"line":121,"column":0}},{"start":{"line":119,"column":0},"end":{"line":121,"column":0}}]},"2":{"loc":{"start":{"line":125,"column":0},"end":{"line":127,"column":0}},"type":"if","locations":[{"start":{"line":125,"column":0},"end":{"line":127,"column":0}},{"start":{"line":125,"column":0},"end":{"line":127,"column":0}}]},"3":{"loc":{"start":{"line":137,"column":0},"end":{"line":null,"column":-1}},"type":"default-arg","locations":[{"start":{"line":137,"column":0},"end":{"line":null,"column":-1}}]},"4":{"loc":{"start":{"line":138,"column":0},"end":{"line":140,"column":0}},"type":"if","locations":[{"start":{"line":138,"column":0},"end":{"line":140,"column":0}},{"start":{"line":138,"column":0},"end":{"line":140,"column":0}}]},"5":{"loc":{"start":{"line":154,"column":0},"end":{"line":156,"column":0}},"type":"if","locations":[{"start":{"line":154,"column":0},"end":{"line":156,"column":0}},{"start":{"line":154,"column":0},"end":{"line":156,"column":0}}]},"6":{"loc":{"start":{"line":189,"column":0},"end":{"line":191,"column":0}},"type":"if","locations":[{"start":{"line":189,"column":0},"end":{"line":191,"column":0}},{"start":{"line":189,"column":0},"end":{"line":191,"column":0}}]},"7":{"loc":{"start":{"line":194,"column":0},"end":{"line":198,"column":0}},"type":"if","locations":[{"start":{"line":194,"column":0},"end":{"line":198,"column":0}},{"start":{"line":194,"column":0},"end":{"line":198,"column":0}}]},"8":{"loc":{"start":{"line":201,"column":0},"end":{"line":205,"column":0}},"type":"if","locations":[{"start":{"line":201,"column":0},"end":{"line":205,"column":0}},{"start":{"line":201,"column":0},"end":{"line":205,"column":0}}]},"9":{"loc":{"start":{"line":201,"column":0},"end":{"line":null,"column":-1}},"type":"binary-expr","locations":[{"start":{"line":201,"column":0},"end":{"line":null,"column":-1}},{"start":{"line":201,"column":0},"end":{"line":null,"column":-1}}]},"10":{"loc":{"start":{"line":208,"column":0},"end":{"line":212,"column":0}},"type":"if","locations":[{"start":{"line":208,"column":0},"end":{"line":212,"column":0}},{"start":{"line":208,"column":0},"end":{"line":212,"column":0}}]},"11":{"loc":{"start":{"line":215,"column":0},"end":{"line":219,"column":0}},"type":"if","locations":[{"start":{"line":215,"column":0},"end":{"line":219,"column":0}},{"start":{"line":215,"column":0},"end":{"line":219,"column":0}}]},"12":{"loc":{"start":{"line":215,"column":0},"end":{"line":null,"column":-1}},"type":"binary-expr","locations":[{"start":{"line":215,"column":0},"end":{"line":null,"column":-1}},{"start":{"line":215,"column":0},"end":{"line":null,"column":-1}}]},"13":{"loc":{"start":{"line":222,"column":0},"end":{"line":226,"column":0}},"type":"if","locations":[{"start":{"line":222,"column":0},"end":{"line":226,"column":0}},{"start":{"line":222,"column":0},"end":{"line":226,"column":0}}]},"14":{"loc":{"start":{"line":229,"column":0},"end":{"line":233,"column":0}},"type":"if","locations":[{"start":{"line":229,"column":0},"end":{"line":233,"column":0}},{"start":{"line":229,"column":0},"end":{"line":233,"column":0}}]},"15":{"loc":{"start":{"line":229,"column":0},"end":{"line":null,"column":-1}},"type":"binary-expr","locations":[{"start":{"line":229,"column":0},"end":{"line":null,"column":-1}},{"start":{"line":229,"column":0},"end":{"line":null,"column":-1}}]},"16":{"loc":{"start":{"line":236,"column":0},"end":{"line":240,"column":0}},"type":"if","locations":[{"start":{"line":236,"column":0},"end":{"line":240,"column":0}},{"start":{"line":236,"column":0},"end":{"line":240,"column":0}}]},"17":{"loc":{"start":{"line":243,"column":0},"end":{"line":247,"column":0}},"type":"if","locations":[{"start":{"line":243,"column":0},"end":{"line":247,"column":0}},{"start":{"line":243,"column":0},"end":{"line":247,"column":0}}]},"18":{"loc":{"start":{"line":243,"column":0},"end":{"line":null,"column":-1}},"type":"binary-expr","locations":[{"start":{"line":243,"column":0},"end":{"line":null,"column":-1}},{"start":{"line":243,"column":0},"end":{"line":null,"column":-1}}]},"19":{"loc":{"start":{"line":254,"column":0},"end":{"line":259,"column":0}},"type":"if","locations":[{"start":{"line":254,"column":0},"end":{"line":259,"column":0}},{"start":{"line":254,"column":0},"end":{"line":259,"column":0}}]},"20":{"loc":{"start":{"line":262,"column":0},"end":{"line":267,"column":0}},"type":"if","locations":[{"start":{"line":262,"column":0},"end":{"line":267,"column":0}},{"start":{"line":262,"column":0},"end":{"line":267,"column":0}}]},"21":{"loc":{"start":{"line":277,"column":0},"end":{"line":279,"column":0}},"type":"if","locations":[{"start":{"line":277,"column":0},"end":{"line":279,"column":0}},{"start":{"line":277,"column":0},"end":{"line":279,"column":0}}]},"22":{"loc":{"start":{"line":281,"column":0},"end":{"line":284,"column":0}},"type":"if","locations":[{"start":{"line":281,"column":0},"end":{"line":284,"column":0}},{"start":{"line":281,"column":0},"end":{"line":284,"column":0}}]},"23":{"loc":{"start":{"line":287,"column":0},"end":{"line":289,"column":0}},"type":"if","locations":[{"start":{"line":287,"column":0},"end":{"line":289,"column":0}},{"start":{"line":287,"column":0},"end":{"line":289,"column":0}}]},"24":{"loc":{"start":{"line":296,"column":0},"end":{"line":302,"column":0}},"type":"if","locations":[{"start":{"line":296,"column":0},"end":{"line":302,"column":0}},{"start":{"line":296,"column":0},"end":{"line":302,"column":0}}]},"25":{"loc":{"start":{"line":326,"column":0},"end":{"line":328,"column":0}},"type":"if","locations":[{"start":{"line":326,"column":0},"end":{"line":328,"column":0}},{"start":{"line":326,"column":0},"end":{"line":328,"column":0}}]},"26":{"loc":{"start":{"line":337,"column":0},"end":{"line":null,"column":-1}},"type":"default-arg","locations":[{"start":{"line":337,"column":0},"end":{"line":null,"column":-1}}]},"27":{"loc":{"start":{"line":340,"column":0},"end":{"line":342,"column":0}},"type":"if","locations":[{"start":{"line":340,"column":0},"end":{"line":342,"column":0}},{"start":{"line":340,"column":0},"end":{"line":342,"column":0}}]},"28":{"loc":{"start":{"line":344,"column":0},"end":{"line":346,"column":0}},"type":"if","locations":[{"start":{"line":344,"column":0},"end":{"line":346,"column":0}},{"start":{"line":344,"column":0},"end":{"line":346,"column":0}}]},"29":{"loc":{"start":{"line":348,"column":0},"end":{"line":350,"column":0}},"type":"if","locations":[{"start":{"line":348,"column":0},"end":{"line":350,"column":0}},{"start":{"line":348,"column":0},"end":{"line":350,"column":0}}]},"30":{"loc":{"start":{"line":352,"column":0},"end":{"line":354,"column":0}},"type":"if","locations":[{"start":{"line":352,"column":0},"end":{"line":354,"column":0}},{"start":{"line":352,"column":0},"end":{"line":354,"column":0}}]},"31":{"loc":{"start":{"line":356,"column":0},"end":{"line":358,"column":0}},"type":"if","locations":[{"start":{"line":356,"column":0},"end":{"line":358,"column":0}},{"start":{"line":356,"column":0},"end":{"line":358,"column":0}}]},"32":{"loc":{"start":{"line":360,"column":0},"end":{"line":362,"column":0}},"type":"if","locations":[{"start":{"line":360,"column":0},"end":{"line":362,"column":0}},{"start":{"line":360,"column":0},"end":{"line":362,"column":0}}]},"33":{"loc":{"start":{"line":364,"column":0},"end":{"line":366,"column":0}},"type":"if","locations":[{"start":{"line":364,"column":0},"end":{"line":366,"column":0}},{"start":{"line":364,"column":0},"end":{"line":366,"column":0}}]},"34":{"loc":{"start":{"line":368,"column":0},"end":{"line":null,"column":-1}},"type":"cond-expr","locations":[{"start":{"line":368,"column":0},"end":{"line":null,"column":-1}},{"start":{"line":368,"column":0},"end":{"line":null,"column":-1}}]},"35":{"loc":{"start":{"line":372,"column":0},"end":{"line":379,"column":0}},"type":"if","locations":[{"start":{"line":372,"column":0},"end":{"line":379,"column":0}},{"start":{"line":372,"column":0},"end":{"line":379,"column":0}}]},"36":{"loc":{"start":{"line":372,"column":0},"end":{"line":null,"column":-1}},"type":"binary-expr","locations":[{"start":{"line":372,"column":0},"end":{"line":null,"column":-1}},{"start":{"line":372,"column":0},"end":{"line":null,"column":-1}}]},"37":{"loc":{"start":{"line":385,"column":0},"end":{"line":387,"column":0}},"type":"if","locations":[{"start":{"line":385,"column":0},"end":{"line":387,"column":0}},{"start":{"line":385,"column":0},"end":{"line":387,"column":0}}]},"38":{"loc":{"start":{"line":385,"column":0},"end":{"line":null,"column":-1}},"type":"binary-expr","locations":[{"start":{"line":385,"column":0},"end":{"line":null,"column":-1}},{"start":{"line":385,"column":0},"end":{"line":null,"column":-1}}]},"39":{"loc":{"start":{"line":396,"column":0},"end":{"line":398,"column":0}},"type":"if","locations":[{"start":{"line":396,"column":0},"end":{"line":398,"column":0}},{"start":{"line":396,"column":0},"end":{"line":398,"column":0}}]}},"s":{"0":2,"1":2,"2":2,"3":42,"4":42,"5":3,"6":2,"7":3,"8":2,"9":1,"10":0,"11":221,"12":46,"13":1,"14":45,"15":45,"16":45,"17":45,"18":45,"19":221,"20":221,"21":871,"22":3467,"23":3027,"24":221,"25":45,"26":175,"27":175,"28":695,"29":45,"30":221,"31":221,"32":221,"33":221,"34":221,"35":221,"36":45,"37":175,"38":695,"39":474,"40":221,"41":167,"42":167,"43":167,"44":221,"45":126,"46":126,"47":126,"48":221,"49":168,"50":168,"51":168,"52":221,"53":131,"54":131,"55":131,"56":221,"57":167,"58":167,"59":167,"60":221,"61":120,"62":120,"63":120,"64":221,"65":161,"66":161,"67":161,"68":221,"69":124,"70":124,"71":124,"72":3,"73":1,"74":1,"75":1,"76":1,"77":2,"78":1,"79":1,"80":1,"81":1,"82":1,"83":1,"84":1,"85":1,"86":7,"87":6,"88":7,"89":3,"90":3,"91":4,"92":0,"93":4,"94":4,"95":4,"96":3,"97":3,"98":3,"99":3,"100":3,"101":1,"102":6,"103":6,"104":6,"105":6,"106":6,"107":0,"108":0,"109":7,"110":2,"111":1,"112":1,"113":1,"114":1,"115":1,"116":1,"117":1,"118":62,"119":62,"120":1,"121":62,"122":1,"123":62,"124":0,"125":62,"126":7,"127":62,"128":3,"129":62,"130":4,"131":62,"132":3,"133":62,"134":8,"135":4,"136":4,"137":4,"138":4,"139":4,"140":5,"141":17,"142":65,"143":1,"144":4,"145":7,"146":25,"147":97,"148":1,"149":6,"150":3,"151":12,"152":48,"153":4,"154":1},"f":{"0":42,"1":3,"2":3,"3":1,"4":221,"5":221,"6":0},"b":{"0":[2,1],"1":[2,1],"2":[0,1],"3":[0],"4":[1,45],"5":[3027,440],"6":[474,221],"7":[167,54],"8":[126,95],"9":[221,167],"10":[168,53],"11":[131,90],"12":[221,167],"13":[167,54],"14":[120,101],"15":[221,167],"16":[161,60],"17":[124,97],"18":[221,167],"19":[1,2],"20":[1,1],"21":[6,1],"22":[3,4],"23":[0,4],"24":[3,1],"25":[1,1],"26":[21],"27":[1,61],"28":[1,61],"29":[0,62],"30":[7,55],"31":[3,59],"32":[4,58],"33":[3,59],"34":[50,12],"35":[4,4],"36":[8,5],"37":[1,64],"38":[65,21],"39":[1,96]}}
,"/Users/ethan/vue/minesweeper/src/components/Cell.vue": {"path":"/Users/ethan/vue/minesweeper/src/components/Cell.vue","statementMap":{"0":{"start":{"line":50,"column":0},"end":{"line":null,"column":-1}},"1":{"start":{"line":56,"column":0},"end":{"line":null,"column":-1}},"2":{"start":{"line":57,"column":0},"end":{"line":null,"column":-1}}},"fnMap":{},"branchMap":{"0":{"loc":{"start":{"line":50,"column":0},"end":{"line":null,"column":-1}},"type":"binary-expr","locations":[{"start":{"line":50,"column":0},"end":{"line":null,"column":-1}},{"start":{"line":50,"column":0},"end":{"line":null,"column":-1}},{"start":{"line":50,"column":0},"end":{"line":null,"column":-1}}]},"1":{"loc":{"start":{"line":56,"column":0},"end":{"line":null,"column":-1}},"type":"cond-expr","locations":[{"start":{"line":56,"column":0},"end":{"line":null,"column":-1}},{"start":{"line":56,"column":0},"end":{"line":null,"column":-1}}]}},"s":{"0":65,"1":1,"2":1},"f":{},"b":{"0":[65,15,0],"1":[0,1]}}
,"/Users/ethan/vue/minesweeper/src/components/HighScores.vue": {"path":"/Users/ethan/vue/minesweeper/src/components/HighScores.vue","statementMap":{"0":{"start":{"line":50,"column":0},"end":{"line":null,"column":-1}},"1":{"start":{"line":69,"column":0},"end":{"line":70,"column":0}},"2":{"start":{"line":70,"column":0},"end":{"line":null,"column":-1}},"3":{"start":{"line":78,"column":0},"end":{"line":null,"column":-1}},"4":{"start":{"line":82,"column":0},"end":{"line":null,"column":-1}},"5":{"start":{"line":83,"column":0},"end":{"line":null,"column":-1}}},"fnMap":{"0":{"name":"(anonymous_1)","decl":{"start":{"line":49,"column":0},"end":{"line":null,"column":-1}},"loc":{"start":{"line":49,"column":0},"end":{"line":54,"column":0}}},"1":{"name":"(anonymous_2)","decl":{"start":{"line":70,"column":0},"end":{"line":null,"column":-1}},"loc":{"start":{"line":70,"column":0},"end":{"line":null,"column":-1}}}},"branchMap":{},"s":{"0":8,"1":5,"2":4,"3":2,"4":1,"5":1},"f":{"0":8,"1":4},"b":{}}
}
