TN:
SF:/Users/ethan/vue/minesweeper/src/components/Board.vue
FN:87,(anonymous_1)
FN:112,(anonymous_2)
FN:118,(anonymous_3)
FN:124,(anonymous_4)
FN:132,(anonymous_5)
FN:150,(anonymous_6)
FN:315,(anonymous_7)
FNF:7
FNH:6
FNDA:42,(anonymous_1)
FNDA:3,(anonymous_2)
FNDA:3,(anonymous_3)
FNDA:1,(anonymous_4)
FNDA:221,(anonymous_5)
FNDA:221,(anonymous_6)
FNDA:0,(anonymous_7)
DA:81,2
DA:82,2
DA:83,2
DA:88,42
DA:108,42
DA:113,3
DA:114,2
DA:119,3
DA:120,2
DA:125,1
DA:126,0
DA:134,221
DA:138,46
DA:139,1
DA:142,45
DA:143,45
DA:144,45
DA:147,45
DA:150,45
DA:151,221
DA:152,221
DA:153,871
DA:154,3467
DA:155,3027
DA:159,221
DA:163,45
DA:164,175
DA:165,175
DA:166,695
DA:177,45
DA:178,221
DA:179,221
DA:180,221
DA:181,221
DA:182,221
DA:183,221
DA:187,45
DA:188,175
DA:189,695
DA:190,474
DA:194,221
DA:195,167
DA:196,167
DA:197,167
DA:201,221
DA:202,126
DA:203,126
DA:204,126
DA:208,221
DA:209,168
DA:210,168
DA:211,168
DA:215,221
DA:216,131
DA:217,131
DA:218,131
DA:222,221
DA:223,167
DA:224,167
DA:225,167
DA:229,221
DA:230,120
DA:231,120
DA:232,120
DA:236,221
DA:237,161
DA:238,161
DA:239,161
DA:243,221
DA:244,124
DA:245,124
DA:246,124
DA:254,3
DA:255,1
DA:256,1
DA:257,1
DA:258,1
DA:262,2
DA:263,1
DA:264,1
DA:265,1
DA:266,1
DA:269,1
DA:270,1
DA:271,1
DA:272,1
DA:277,7
DA:278,6
DA:281,7
DA:282,3
DA:283,3
DA:287,4
DA:288,0
DA:292,4
DA:293,4
DA:296,4
DA:297,3
DA:298,3
DA:299,3
DA:300,3
DA:301,3
DA:304,1
DA:308,6
DA:309,6
DA:310,6
DA:314,6
DA:315,6
DA:316,0
DA:317,0
DA:322,7
DA:326,2
DA:327,1
DA:329,1
DA:330,1
DA:331,1
DA:332,1
DA:333,1
DA:334,1
DA:338,62
DA:340,62
DA:341,1
DA:344,62
DA:345,1
DA:348,62
DA:349,0
DA:352,62
DA:353,7
DA:356,62
DA:357,3
DA:360,62
DA:361,4
DA:364,62
DA:365,3
DA:368,62
DA:372,8
DA:373,4
DA:374,4
DA:375,4
DA:376,4
DA:378,4
DA:383,5
DA:384,17
DA:385,65
DA:386,1
DA:390,4
DA:394,7
DA:395,25
DA:396,97
DA:397,1
DA:401,6
DA:405,3
DA:406,12
DA:407,48
DA:413,4
DA:417,1
LF:155
LH:150
BRDA:113,0,0,2
BRDA:113,0,1,1
BRDA:119,1,0,2
BRDA:119,1,1,1
BRDA:125,2,0,0
BRDA:125,2,1,1
BRDA:137,3,0,0
BRDA:138,4,0,1
BRDA:138,4,1,45
BRDA:154,5,0,3027
BRDA:154,5,1,440
BRDA:189,6,0,474
BRDA:189,6,1,221
BRDA:194,7,0,167
BRDA:194,7,1,54
BRDA:201,8,0,126
BRDA:201,8,1,95
BRDA:201,9,0,221
BRDA:201,9,1,167
BRDA:208,10,0,168
BRDA:208,10,1,53
BRDA:215,11,0,131
BRDA:215,11,1,90
BRDA:215,12,0,221
BRDA:215,12,1,167
BRDA:222,13,0,167
BRDA:222,13,1,54
BRDA:229,14,0,120
BRDA:229,14,1,101
BRDA:229,15,0,221
BRDA:229,15,1,167
BRDA:236,16,0,161
BRDA:236,16,1,60
BRDA:243,17,0,124
BRDA:243,17,1,97
BRDA:243,18,0,221
BRDA:243,18,1,167
BRDA:254,19,0,1
BRDA:254,19,1,2
BRDA:262,20,0,1
BRDA:262,20,1,1
BRDA:277,21,0,6
BRDA:277,21,1,1
BRDA:281,22,0,3
BRDA:281,22,1,4
BRDA:287,23,0,0
BRDA:287,23,1,4
BRDA:296,24,0,3
BRDA:296,24,1,1
BRDA:326,25,0,1
BRDA:326,25,1,1
BRDA:337,26,0,21
BRDA:340,27,0,1
BRDA:340,27,1,61
BRDA:344,28,0,1
BRDA:344,28,1,61
BRDA:348,29,0,0
BRDA:348,29,1,62
BRDA:352,30,0,7
BRDA:352,30,1,55
BRDA:356,31,0,3
BRDA:356,31,1,59
BRDA:360,32,0,4
BRDA:360,32,1,58
BRDA:364,33,0,3
BRDA:364,33,1,59
BRDA:368,34,0,50
BRDA:368,34,1,12
BRDA:372,35,0,4
BRDA:372,35,1,4
BRDA:372,36,0,8
BRDA:372,36,1,5
BRDA:385,37,0,1
BRDA:385,37,1,64
BRDA:385,38,0,65
BRDA:385,38,1,21
BRDA:396,39,0,1
BRDA:396,39,1,96
BRF:78
BRH:74
end_of_record
TN:
SF:/Users/ethan/vue/minesweeper/src/components/Cell.vue
FNF:0
FNH:0
DA:50,65
DA:56,1
DA:57,1
LF:3
LH:3
BRDA:50,0,0,65
BRDA:50,0,1,15
BRDA:50,0,2,0
BRDA:56,1,0,0
BRDA:56,1,1,1
BRF:5
BRH:3
end_of_record
TN:
SF:/Users/ethan/vue/minesweeper/src/components/HighScores.vue
FN:49,(anonymous_1)
FN:70,(anonymous_2)
FNF:2
FNH:2
FNDA:8,(anonymous_1)
FNDA:4,(anonymous_2)
DA:50,8
DA:69,5
DA:70,4
DA:78,2
DA:82,1
DA:83,1
LF:6
LH:6
BRF:0
BRH:0
end_of_record
